<?xml version="1.0" encoding="UTF-8"?>
<testsuite xmlns:xsi="http://www.w3.org/2001/XMLSchema-instance" xsi:noNamespaceSchemaLocation="https://maven.apache.org/surefire/maven-surefire-plugin/xsd/surefire-test-report.xsd" version="3.0.2" name="com.shop.catalog.CatalogIntegrationTest" time="3.863" tests="6" errors="0" skipped="0" failures="0">
  <properties>
[...]
</properties>
  <testcase name="productCrudAndPaginationSort" classname="com.shop.catalog.CatalogIntegrationTest" time="0.509">
    <system-out><![CDATA[21:59:51.905 [main] INFO org.testcontainers.images.PullPolicy -- Image pull policy will be performed by: DefaultPullPolicy()
21:59:51.907 [main] INFO org.testcontainers.utility.ImageNameSubstitutor -- Image name substitution will be performed by: DefaultImageNameSubstitutor (composite of 'ConfigurationFileImageNameSubstitutor' and 'PrefixingImageNameSubstitutor')
21:59:51.919 [main] INFO org.testcontainers.DockerClientFactory -- Testcontainers version: 1.21.4
21:59:52.094 [main] INFO org.testcontainers.dockerclient.DockerClientProviderStrategy -- Found Docker environment with Environment variables, system properties and defaults. Resolved dockerHost=unix:///Users/mihirchittora/.colima/default/docker.sock
21:59:52.094 [main] INFO org.testcontainers.DockerClientFactory -- Docker host IP address is 192.168.64.2
21:59:52.101 [main] INFO org.testcontainers.DockerClientFactory -- Connected to docker: 
  Server Version: 29.2.1
  API Version: 1.53
  Operating System: Ubuntu 24.04.4 LTS
  Total Memory: 1959 MB
21:59:52.134 [main] INFO tc.testcontainers/ryuk:0.12.0 -- Creating container for image: testcontainers/ryuk:0.12.0
21:59:52.183 [main] INFO tc.testcontainers/ryuk:0.12.0 -- Container testcontainers/ryuk:0.12.0 is starting: 5e7317368dbae4f671af448ec019bbe8a6cfd8e5e34fff4f01cd4e2b9b46a02e
21:59:52.305 [main] INFO tc.testcontainers/ryuk:0.12.0 -- Container testcontainers/ryuk:0.12.0 started in PT0.170718S
21:59:52.309 [main] INFO org.testcontainers.utility.RyukResourceReaper -- Ryuk started - will monitor and terminate Testcontainers containers on JVM exit
21:59:52.309 [main] INFO org.testcontainers.DockerClientFactory -- Checking the system...
21:59:52.309 [main] INFO org.testcontainers.DockerClientFactory -- ✔︎ Docker server version should be at least 1.6.0
21:59:52.310 [main] INFO tc.postgres:17 -- Creating container for image: postgres:17
21:59:52.328 [main] INFO tc.postgres:17 -- Container postgres:17 is starting: 2a9ad0eefc15aaf90f637ff06437a51bef401fafb2999c6a3849d9ad10d9543d
21:59:52.929 [main] INFO tc.postgres:17 -- Container postgres:17 started in PT0.618957S
21:59:52.929 [main] INFO tc.postgres:17 -- Container is started (JDBC URL: jdbc:postgresql://192.168.64.2:32779/ecommerce?loggerLevel=OFF)
21:59:52.967 [main] INFO org.springframework.test.context.support.AnnotationConfigContextLoaderUtils -- Could not detect default configuration classes for test class [com.shop.catalog.CatalogIntegrationTest]: CatalogIntegrationTest does not declare any static, non-private, non-final, nested classes annotated with @Configuration.
21:59:53.007 [main] INFO org.springframework.boot.test.context.SpringBootTestContextBootstrapper -- Found @SpringBootConfiguration com.shop.catalog.CatalogApplication for test class com.shop.catalog.CatalogIntegrationTest

  .   ____          _            __ _ _
 /\\ / ___'_ __ _ _(_)_ __  __ _ \ \ \ \
( ( )\___ | '_ | '_| | '_ \/ _` | \ \ \ \
 \\/  ___)| |_)| | | | | || (_| |  ) ) ) )
  '  |____| .__|_| |_|_| |_\__, | / / / /
 =========|_|==============|___/=/_/_/_/

 :: Spring Boot ::                (v3.5.6)

2026-09-19T21:59:53.153+05:30  INFO 14928 --- [ecommerce-catalog] [           main] c.shop.catalog.CatalogIntegrationTest    : Starting CatalogIntegrationTest using Java 21.0.12.1 with PID 14928 (started by mihirchittora in /Users/mihirchittora/Desktop/my-ecommerce/ecommerce-catalog)
2026-09-19T21:59:53.154+05:30  INFO 14928 --- [ecommerce-catalog] [           main] c.shop.catalog.CatalogIntegrationTest    : No active profile set, falling back to 1 default profile: "default"
2026-09-19T21:59:53.561+05:30  INFO 14928 --- [ecommerce-catalog] [           main] .s.d.r.c.RepositoryConfigurationDelegate : Bootstrapping Spring Data JPA repositories in DEFAULT mode.
2026-09-19T21:59:53.587+05:30  INFO 14928 --- [ecommerce-catalog] [           main] .s.d.r.c.RepositoryConfigurationDelegate : Finished Spring Data repository scanning in 21 ms. Found 4 JPA repository interfaces.
2026-09-19T21:59:53.789+05:30  INFO 14928 --- [ecommerce-catalog] [           main] com.zaxxer.hikari.HikariDataSource       : HikariPool-1 - Starting...
2026-09-19T21:59:53.852+05:30  INFO 14928 --- [ecommerce-catalog] [           main] com.zaxxer.hikari.pool.HikariPool        : HikariPool-1 - Added connection org.postgresql.jdbc.PgConnection@18b30951
2026-09-19T21:59:53.852+05:30  INFO 14928 --- [ecommerce-catalog] [           main] com.zaxxer.hikari.HikariDataSource       : HikariPool-1 - Start completed.
2026-09-19T21:59:53.863+05:30  INFO 14928 --- [ecommerce-catalog] [           main] org.flywaydb.core.FlywayExecutor         : Database: jdbc:postgresql://192.168.64.2:32779/ecommerce?loggerLevel=OFF (PostgreSQL 17.11)
2026-09-19T21:59:53.878+05:30  INFO 14928 --- [ecommerce-catalog] [           main] o.f.c.i.s.JdbcTableSchemaHistory         : Schema history table "public"."flyway_schema_history" does not exist yet
2026-09-19T21:59:53.879+05:30  INFO 14928 --- [ecommerce-catalog] [           main] o.f.core.internal.command.DbValidate     : Successfully validated 3 migrations (execution time 00:00.006s)
2026-09-19T21:59:53.884+05:30  INFO 14928 --- [ecommerce-catalog] [           main] o.f.c.i.s.JdbcTableSchemaHistory         : Creating Schema History table "public"."flyway_schema_history" ...
2026-09-19T21:59:53.918+05:30  INFO 14928 --- [ecommerce-catalog] [           main] o.f.core.internal.command.DbMigrate      : Current version of schema "public": << Empty Schema >>
2026-09-19T21:59:53.923+05:30  INFO 14928 --- [ecommerce-catalog] [           main] o.f.core.internal.command.DbMigrate      : Migrating schema "public" to version "1 - init catalog"
2026-09-19T21:59:53.936+05:30  INFO 14928 --- [ecommerce-catalog] [           main] o.f.core.internal.command.DbMigrate      : Migrating schema "public" to version "2 - catalog hardening and images"
2026-09-19T21:59:53.943+05:30  INFO 14928 --- [ecommerce-catalog] [           main] o.f.core.internal.command.DbMigrate      : Migrating schema "public" to version "3 - catalog integrity constraints"
2026-09-19T21:59:53.949+05:30  INFO 14928 --- [ecommerce-catalog] [           main] o.f.core.internal.command.DbMigrate      : Successfully applied 3 migrations to schema "public", now at version v3 (execution time 00:00.011s)
2026-09-19T21:59:53.984+05:30  INFO 14928 --- [ecommerce-catalog] [           main] o.hibernate.jpa.internal.util.LogHelper  : HHH000204: Processing PersistenceUnitInfo [name: default]
2026-09-19T21:59:54.001+05:30  INFO 14928 --- [ecommerce-catalog] [           main] org.hibernate.Version                    : HHH000412: Hibernate ORM core version 6.6.29.Final
2026-09-19T21:59:54.013+05:30  INFO 14928 --- [ecommerce-catalog] [           main] o.h.c.internal.RegionFactoryInitiator    : HHH000026: Second-level cache disabled
2026-09-19T21:59:54.102+05:30  INFO 14928 --- [ecommerce-catalog] [           main] o.s.o.j.p.SpringPersistenceUnitInfo      : No LoadTimeWeaver setup: ignoring JPA class transformer
2026-09-19T21:59:54.129+05:30  INFO 14928 --- [ecommerce-catalog] [           main] org.hibernate.orm.connections.pooling    : HHH10001005: Database info:
	Database JDBC URL [Connecting through datasource 'HikariDataSource (HikariPool-1)']
	Database driver: undefined/unknown
	Database version: 17.11
	Autocommit mode: undefined/unknown
	Isolation level: undefined/unknown
	Minimum pool size: undefined/unknown
	Maximum pool size: undefined/unknown
2026-09-19T21:59:54.468+05:30  INFO 14928 --- [ecommerce-catalog] [           main] o.h.e.t.j.p.i.JtaPlatformInitiator       : HHH000489: No JTA platform available (set 'hibernate.transaction.jta.platform' to enable JTA platform integration)
2026-09-19T21:59:54.481+05:30  INFO 14928 --- [ecommerce-catalog] [           main] j.LocalContainerEntityManagerFactoryBean : Initialized JPA EntityManagerFactory for persistence unit 'default'
2026-09-19T21:59:54.931+05:30  INFO 14928 --- [ecommerce-catalog] [           main] o.s.b.t.m.w.SpringBootMockServletContext : Initializing Spring TestDispatcherServlet ''
2026-09-19T21:59:54.931+05:30  INFO 14928 --- [ecommerce-catalog] [           main] o.s.t.web.servlet.TestDispatcherServlet  : Initializing Servlet ''
2026-09-19T21:59:54.933+05:30  INFO 14928 --- [ecommerce-catalog] [           main] o.s.b.a.e.web.EndpointLinksResolver      : Exposing 2 endpoints beneath base path '/actuator'
2026-09-19T21:59:54.938+05:30  INFO 14928 --- [ecommerce-catalog] [           main] o.s.t.web.servlet.TestDispatcherServlet  : Completed initialization in 7 ms
2026-09-19T21:59:54.967+05:30  INFO 14928 --- [ecommerce-catalog] [           main] c.shop.catalog.CatalogIntegrationTest    : Started CatalogIntegrationTest in 1.915 seconds (process running for 3.33)
2026-09-19T21:59:54.996+05:30  WARN 14928 --- [ecommerce-catalog] [           main] o.s.core.events.SpringDocAppInitializer  : SpringDoc /v3/api-docs endpoint is enabled by default. To disable it in production, set the property 'springdoc.api-docs.enabled=false'
2026-09-19T21:59:54.996+05:30  WARN 14928 --- [ecommerce-catalog] [           main] o.s.core.events.SpringDocAppInitializer  : SpringDoc /swagger-ui.html endpoint is enabled by default. To disable it in production, set the property 'springdoc.swagger-ui.enabled=false'
2026-09-19T21:59:55.487+05:30  WARN 14928 --- [ecommerce-catalog] [           main] ration$PageModule$WarningLoggingModifier : Serializing PageImpl instances as-is is not supported, meaning that there is no guarantee about the stability of the resulting JSON structure!
	For a stable JSON structure, please use Spring Data's PagedModel (globally via @EnableSpringDataWebSupport(pageSerializationMode = VIA_DTO))
	or Spring HATEOAS and Spring Data's PagedResourcesAssembler as documented in https://docs.spring.io/spring-data/commons/reference/repositories/core-extensions.html#core.web.pageables.

]]></system-out>
    <system-err><![CDATA[Mockito is currently self-attaching to enable the inline-mock-maker. This will no longer work in future releases of the JDK. Please add Mockito as an agent to your build as described in Mockito's documentation: https://javadoc.io/doc/org.mockito/mockito-core/latest/org.mockito/org/mockito/Mockito.html#0.3
WARNING: A Java agent has been loaded dynamically (/Users/mihirchittora/.m2/repository/net/bytebuddy/byte-buddy-agent/1.17.7/byte-buddy-agent-1.17.7.jar)
WARNING: If a serviceability tool is in use, please run with -XX:+EnableDynamicAgentLoading to hide this warning
WARNING: If a serviceability tool is not in use, please run with -Djdk.instrument.traceUsage for more information
WARNING: Dynamic loading of agents will be disallowed by default in a future release
]]></system-err>
  </testcase>
  <testcase name="imageUploadDownloadAndDelete" classname="com.shop.catalog.CatalogIntegrationTest" time="0.039"/>
  <testcase name="databaseEnforcesSkuUniqueness" classname="com.shop.catalog.CatalogIntegrationTest" time="0.017"/>
  <testcase name="validationRejectsZeroPriceBlankSkuAndUnsupportedCurrency" classname="com.shop.catalog.CatalogIntegrationTest" time="0.022"/>
  <testcase name="databaseConstraintRejectsDuplicateSkuEvenOutsideApi" classname="com.shop.catalog.CatalogIntegrationTest" time="0.013">
    <system-out><![CDATA[2026-09-19T21:59:55.599+05:30  WARN 14928 --- [ecommerce-catalog] [           main] o.h.engine.jdbc.spi.SqlExceptionHelper   : SQL Error: 0, SQLState: 23505
2026-09-19T21:59:55.599+05:30 ERROR 14928 --- [ecommerce-catalog] [           main] o.h.engine.jdbc.spi.SqlExceptionHelper   : ERROR: duplicate key value violates unique constraint "product_variants_sku_key"
  Detail: Key (sku)=(DIRECT-DUP) already exists.
]]></system-out>
  </testcase>
  <testcase name="categoryHierarchyAndCycleProtection" classname="com.shop.catalog.CatalogIntegrationTest" time="0.021"/>
</testsuite>